{"uuid":"3ff2ef07-5614-4cd2-ae12-a2a1d6f3780d","historyId":"33215c285acf4b6bdb5bdfab8f628f39","testCaseId":"515aec4b3db77c52ec37600f402bdc5d","fullName":"src/test/resources/Feature files/Array.feature:204","labels":[{"name":"tag","value":"Array"},{"name":"tag","value":"DsAlgo"},{"name":"tag","value":"ques4Sub"},{"name":"host","value":"MyGenie"},{"name":"thread","value":"32536@MyGenie.TestNG-PoolService-8(8882)"},{"name":"feature","value":"Array Module"},{"name":"story","value":"Sq of Sorted Array Question Page with Valid code for Submit button"},{"name":"suite","value":"Array Module"},{"name":"testClass","value":"Sq of Sorted Array Question Page with Valid code for Submit button"},{"name":"framework","value":"cucumber4jvm"},{"name":"language","value":"java"},{"name":"gherkin_uri","value":"file:///C:/Users/madhu/OneDrive/Desktop/SDET/AS_BDD/src/test/resources/Feature%20files/Array.feature"},{"name":"package","value":"src.test.resources.Feature files.Array_feature.Array Module"}],"links":[],"name":"Sq of Sorted Array Question Page with Valid code for Submit button","status":"failed","statusDetails":{"known":false,"muted":false,"flaky":false,"message":"expected [submission success] but found [ No tests were collected]","trace":"java.lang.AssertionError: expected [submission success] but found [ No tests were collected]\r\n\tat org.testng.Assert.fail(Assert.java:111)\r\n\tat org.testng.Assert.failNotEquals(Assert.java:1578)\r\n\tat org.testng.Assert.assertEqualsImpl(Assert.java:150)\r\n\tat org.testng.Assert.assertEquals(Assert.java:132)\r\n\tat org.testng.Assert.assertEquals(Assert.java:656)\r\n\tat org.testng.Assert.assertEquals(Assert.java:666)\r\n\tat stepDefinitions.Array_Step.the_submission_success_should_be_displayed(Array_Step.java:245)\r\n\tat ✽.the submission success should be displayed(file:///C:/Users/madhu/OneDrive/Desktop/SDET/AS_BDD/src/test/resources/Feature%20files/Array.feature:207)\r\n"},"stage":"finished","steps":[{"name":"Given The user logged in to dsAlgo Portal and should be in Array Page","status":"passed","statusDetails":{"known":false,"muted":false,"flaky":false},"stage":"finished","steps":[],"attachments":[],"parameters":[],"start":1734656403378,"stop":1734656413063},{"name":"Given the user is in the Sq of Sorted Array Question page","status":"passed","statusDetails":{"known":false,"muted":false,"flaky":false},"stage":"finished","steps":[],"attachments":[],"parameters":[],"start":1734656413064,"stop":1734656418945},{"name":"When user enters valid code in Sq of Sorted Array and clickd Submit Button","status":"passed","statusDetails":{"known":false,"muted":false,"flaky":false},"stage":"finished","steps":[],"attachments":[],"parameters":[],"start":1734656418945,"stop":1734656432077},{"name":"Then the submission success should be displayed","status":"failed","statusDetails":{"known":false,"muted":false,"flaky":false,"message":"expected [submission success] but found [ No tests were collected]","trace":"java.lang.AssertionError: expected [submission success] but found [ No tests were collected]\r\n\tat org.testng.Assert.fail(Assert.java:111)\r\n\tat org.testng.Assert.failNotEquals(Assert.java:1578)\r\n\tat org.testng.Assert.assertEqualsImpl(Assert.java:150)\r\n\tat org.testng.Assert.assertEquals(Assert.java:132)\r\n\tat org.testng.Assert.assertEquals(Assert.java:656)\r\n\tat org.testng.Assert.assertEquals(Assert.java:666)\r\n\tat stepDefinitions.Array_Step.the_submission_success_should_be_displayed(Array_Step.java:245)\r\n\tat ✽.the submission success should be displayed(file:///C:/Users/madhu/OneDrive/Desktop/SDET/AS_BDD/src/test/resources/Feature%20files/Array.feature:207)\r\n"},"stage":"finished","steps":[],"attachments":[],"parameters":[],"start":1734656432077,"stop":1734656432778}],"attachments":[],"parameters":[],"start":1734656395512,"stop":1734656435019}