<html>
<head>
<title>TestNG:  TestChrome</title>
<link href="../testng.css" rel="stylesheet" type="text/css" />
<link href="../my-testng.css" rel="stylesheet" type="text/css" />

<style type="text/css">
.log { display: none;} 
.stack-trace { display: none;} 
</style>
<script type="text/javascript">
<!--
function flip(e) {
  current = e.style.display;
  if (current == 'block') {
    e.style.display = 'none';
    return 0;
  }
  else {
    e.style.display = 'block';
    return 1;
  }
}

function toggleBox(szDivId, elem, msg1, msg2)
{
  var res = -1;  if (document.getElementById) {
    res = flip(document.getElementById(szDivId));
  }
  else if (document.all) {
    // this is the way old msie versions work
    res = flip(document.all[szDivId]);
  }
  if(elem) {
    if(res == 0) elem.innerHTML = msg1; else elem.innerHTML = msg2;
  }

}

function toggleAllBoxes() {
  if (document.getElementsByTagName) {
    d = document.getElementsByTagName('div');
    for (i = 0; i < d.length; i++) {
      if (d[i].className == 'log') {
        flip(d[i]);
      }
    }
  }
}

// -->
</script>

</head>
<body>
<h2 align='center'>TestChrome</h2><table border='1' align="center">
<tr>
<td>Tests passed/Failed/Skipped:</td><td>3/3/0</td>
</tr><tr>
<td>Started on:</td><td>Thu Dec 19 19:19:38 CST 2024</td>
</tr>
<tr><td>Total time:</td><td>9 seconds (9516 ms)</td>
</tr><tr>
<td>Included groups:</td><td></td>
</tr><tr>
<td>Excluded groups:</td><td></td>
</tr>
</table><p/>
<small><i>(Hover the method name to see the test class name)</i></small><p/>
<table width='100%' border='1' class='invocation-failed'>
<tr><td colspan='4' align='center'><b>FAILED TESTS</b></td></tr>
<tr><td><b>Test method</b></td>
<td><b>Attribute(s)</b></td>
<td width="30%"><b>Exception</b></td>
<td width="10%"><b>Time (seconds)</b></td>
<td><b>Instance</b></td>
</tr>
<tr>
<td title='testRunner.TestRunner.runScenario()'><b>runScenario</b><br>Test class: testRunner.TestRunner<br>Test method: Runs Cucumber Scenarios<br>Parameters: "Display error for empty username and password", "Login Functionality"</td>
<td><div><pre>java.lang.RuntimeException: Error initializing Excel data: The supplied file &apos;C:\Users\madhu\OneDrive\Desktop\SDET\AS_BDD\src\test\resources\TestData\ExcelData.xlsx&apos; was empty (zero bytes long)
	at appHook.Hooks.setUp(Hooks.java:35)
</pre></div><a href='#' onClick='toggleBox("stack-trace1687186729", this, "Click to show all stack frames", "Click to hide stack frames")'>Click to show all stack frames</a>
<div class='stack-trace' id='stack-trace1687186729'><pre>java.lang.RuntimeException: Error initializing Excel data: The supplied file &apos;C:\Users\madhu\OneDrive\Desktop\SDET\AS_BDD\src\test\resources\TestData\ExcelData.xlsx&apos; was empty (zero bytes long)
	at appHook.Hooks.setUp(Hooks.java:35)
</pre></div></td>
<td>6</td>
<td>testRunner.TestRunner@5c671d7f</td></tr>
<tr>
<td title='testRunner.TestRunner.runScenario()'><b>runScenario</b><br>Test class: testRunner.TestRunner<br>Test method: Runs Cucumber Scenarios<br>Parameters: "Navigate to the LOGIN Page", "Login Functionality"</td>
<td><div><pre>java.lang.RuntimeException: Error initializing Excel data: The supplied file &apos;C:\Users\madhu\OneDrive\Desktop\SDET\AS_BDD\src\test\resources\TestData\ExcelData.xlsx&apos; was empty (zero bytes long)
	at appHook.Hooks.setUp(Hooks.java:35)
</pre></div><a href='#' onClick='toggleBox("stack-trace1648806796", this, "Click to show all stack frames", "Click to hide stack frames")'>Click to show all stack frames</a>
<div class='stack-trace' id='stack-trace1648806796'><pre>java.lang.RuntimeException: Error initializing Excel data: The supplied file &apos;C:\Users\madhu\OneDrive\Desktop\SDET\AS_BDD\src\test\resources\TestData\ExcelData.xlsx&apos; was empty (zero bytes long)
	at appHook.Hooks.setUp(Hooks.java:35)
</pre></div></td>
<td>6</td>
<td>testRunner.TestRunner@5c671d7f</td></tr>
<tr>
<td title='testRunner.TestRunner.runScenario()'><b>runScenario</b><br>Test class: testRunner.TestRunner<br>Test method: Runs Cucumber Scenarios<br>Parameters: "Successful login with valid credentials", "Login Functionality"</td>
<td><div><pre>java.lang.RuntimeException: Error initializing Excel data: Fail to save: an error occurs while saving the package : The part /xl/worksheets/sheet3.xml failed to be saved in the stream with marshaller org.apache.poi.openxml4j.opc.internal.marshallers.DefaultMarshaller@5a0910a5. Enable logging via Log4j 2 for more details.
	at appHook.Hooks.setUp(Hooks.java:35)
</pre></div><a href='#' onClick='toggleBox("stack-trace653131249", this, "Click to show all stack frames", "Click to hide stack frames")'>Click to show all stack frames</a>
<div class='stack-trace' id='stack-trace653131249'><pre>java.lang.RuntimeException: Error initializing Excel data: Fail to save: an error occurs while saving the package : The part /xl/worksheets/sheet3.xml failed to be saved in the stream with marshaller org.apache.poi.openxml4j.opc.internal.marshallers.DefaultMarshaller@5a0910a5. Enable logging via Log4j 2 for more details.
	at appHook.Hooks.setUp(Hooks.java:35)
</pre></div></td>
<td>6</td>
<td>testRunner.TestRunner@5c671d7f</td></tr>
</table><p>
<table width='100%' border='1' class='invocation-passed'>
<tr><td colspan='4' align='center'><b>PASSED TESTS</b></td></tr>
<tr><td><b>Test method</b></td>
<td><b>Attribute(s)</b></td>
<td width="30%"><b>Exception</b></td>
<td width="10%"><b>Time (seconds)</b></td>
<td><b>Instance</b></td>
</tr>
<tr>
<td title='testRunner.TestRunner.runScenario()'><b>runScenario</b><br>Test class: testRunner.TestRunner<br>Test method: Runs Cucumber Scenarios<br>Parameters: "Display error for empty password field", "Login Functionality"</td>
<td></td>
<td>7</td>
<td>testRunner.TestRunner@5c671d7f</td></tr>
<tr>
<td title='testRunner.TestRunner.runScenario()'><b>runScenario</b><br>Test class: testRunner.TestRunner<br>Test method: Runs Cucumber Scenarios<br>Parameters: "Display error for invalid credentials", "Login Functionality"</td>
<td></td>
<td>7</td>
<td>testRunner.TestRunner@5c671d7f</td></tr>
<tr>
<td title='testRunner.TestRunner.runScenario()'><b>runScenario</b><br>Test class: testRunner.TestRunner<br>Test method: Runs Cucumber Scenarios<br>Parameters: "Display error for empty username field", "Login Functionality"</td>
<td></td>
<td>7</td>
<td>testRunner.TestRunner@5c671d7f</td></tr>
</table><p>
</body>
</html>